<?xml version="1.0" encoding="UTF-8"?>
<!-- Generated by org.testng.reporters.JUnitXMLReporter -->
<testsuite hostname="DESKTOP-CN27GS5" ignored="0" name="Default test" tests="5" failures="0" timestamp="28 Feb 2021 20:09:14 GMT" time="0.09" errors="0">
  <testcase name="destory1" time="0.03" classname="testng.Pro002_SimpleTest"/>
  <testcase name="init" time="0.0" classname="testng.Pro002_SimpleTest"/>
  <testcase name="display01" time="0.0" classname="testng.Pro002_SimpleTest"/>
  <testcase name="display02" time="0.0" classname="testng.Pro002_SimpleTest"/>
  <testcase name="destory" time="0.005" classname="testng.Pro002_SimpleTest"/>
</testsuite> <!-- Default test -->
