<?xml version="1.0" encoding="UTF-8"?>
<testng-results skipped="0" failed="0" ignored="0" total="2" passed="2">
  <reporter-output>
  </reporter-output>
  <suite name="Default suite" duration-ms="51" started-at="2021-02-28T22:23:02 EST" finished-at="2021-02-28T22:23:02 EST">
    <groups>
    </groups>
    <test name="Default test" duration-ms="51" started-at="2021-02-28T22:23:02 EST" finished-at="2021-02-28T22:23:02 EST">
      <class name="testng.Pro003_MoreAnnotations">
        <test-method status="PASS" signature="beforeSuite()[pri:0, instance:testng.Pro003_MoreAnnotations@53f65459]" name="beforeSuite" is-config="true" duration-ms="20" started-at="2021-02-28T22:23:02 EST" finished-at="2021-02-28T22:23:02 EST">
          <reporter-output>
          </reporter-output>
        </test-method> <!-- beforeSuite -->
        <test-method status="PASS" signature="beforeTest()[pri:0, instance:testng.Pro003_MoreAnnotations@53f65459]" name="beforeTest" is-config="true" duration-ms="0" started-at="2021-02-28T22:23:02 EST" finished-at="2021-02-28T22:23:02 EST">
          <reporter-output>
          </reporter-output>
        </test-method> <!-- beforeTest -->
        <test-method status="PASS" signature="beforeClass()[pri:0, instance:testng.Pro003_MoreAnnotations@53f65459]" name="beforeClass" is-config="true" duration-ms="0" started-at="2021-02-28T22:23:02 EST" finished-at="2021-02-28T22:23:02 EST">
          <reporter-output>
          </reporter-output>
        </test-method> <!-- beforeClass -->
        <test-method status="PASS" signature="beforeMethod()[pri:0, instance:testng.Pro003_MoreAnnotations@53f65459]" name="beforeMethod" is-config="true" duration-ms="0" started-at="2021-02-28T22:23:02 EST" finished-at="2021-02-28T22:23:02 EST">
          <reporter-output>
          </reporter-output>
        </test-method> <!-- beforeMethod -->
        <test-method status="PASS" signature="myTest()[pri:0, instance:testng.Pro003_MoreAnnotations@53f65459]" name="myTest" duration-ms="5" started-at="2021-02-28T22:23:02 EST" finished-at="2021-02-28T22:23:02 EST">
          <reporter-output>
          </reporter-output>
        </test-method> <!-- myTest -->
        <test-method status="PASS" signature="myTest1()[pri:0, instance:testng.Pro003_MoreAnnotations@53f65459]" name="myTest1" duration-ms="5" started-at="2021-02-28T22:23:02 EST" finished-at="2021-02-28T22:23:02 EST">
          <reporter-output>
          </reporter-output>
        </test-method> <!-- myTest1 -->
        <test-method status="PASS" signature="afterMethod()[pri:0, instance:testng.Pro003_MoreAnnotations@53f65459]" name="afterMethod" is-config="true" duration-ms="0" started-at="2021-02-28T22:23:02 EST" finished-at="2021-02-28T22:23:02 EST">
          <reporter-output>
          </reporter-output>
        </test-method> <!-- afterMethod -->
        <test-method status="PASS" signature="beforeMethod()[pri:0, instance:testng.Pro003_MoreAnnotations@53f65459]" name="beforeMethod" is-config="true" duration-ms="0" started-at="2021-02-28T22:23:02 EST" finished-at="2021-02-28T22:23:02 EST">
          <reporter-output>
          </reporter-output>
        </test-method> <!-- beforeMethod -->
        <test-method status="PASS" signature="afterMethod()[pri:0, instance:testng.Pro003_MoreAnnotations@53f65459]" name="afterMethod" is-config="true" duration-ms="5" started-at="2021-02-28T22:23:02 EST" finished-at="2021-02-28T22:23:02 EST">
          <reporter-output>
          </reporter-output>
        </test-method> <!-- afterMethod -->
        <test-method status="PASS" signature="afterTest()[pri:0, instance:testng.Pro003_MoreAnnotations@53f65459]" name="afterTest" is-config="true" duration-ms="0" started-at="2021-02-28T22:23:02 EST" finished-at="2021-02-28T22:23:02 EST">
          <reporter-output>
          </reporter-output>
        </test-method> <!-- afterTest -->
        <test-method status="PASS" signature="afterClass()[pri:0, instance:testng.Pro003_MoreAnnotations@53f65459]" name="afterClass" is-config="true" duration-ms="0" started-at="2021-02-28T22:23:02 EST" finished-at="2021-02-28T22:23:02 EST">
          <reporter-output>
          </reporter-output>
        </test-method> <!-- afterClass -->
        <test-method status="PASS" signature="afterSuite()[pri:0, instance:testng.Pro003_MoreAnnotations@53f65459]" name="afterSuite" is-config="true" duration-ms="0" started-at="2021-02-28T22:23:02 EST" finished-at="2021-02-28T22:23:02 EST">
          <reporter-output>
          </reporter-output>
        </test-method> <!-- afterSuite -->
      </class> <!-- testng.Pro003_MoreAnnotations -->
    </test> <!-- Default test -->
  </suite> <!-- Default suite -->
</testng-results>
